TN:
SF:@PATH_TO_SOURCES@/src/special_cases.c
FN:4,calculate_score
FN:12,analyze_number
FNDA:0,analyze_number
FNDA:1,calculate_score
FNF:2
FNH:1
DA:4,1,checksum_orig_1_123456
DA:4,1,checksum_CONFLICT_123456
DA:5,1,checksum_orig_2_123456
DA:6,1,checksum_orig_3_123456
DA:7,1,checksum_orig_4_123456
DA:8,1,checksum_orig_5_123456
DA:12,0,checksum_orig_6_123456
DA:13,0,checksum_orig_7_123456
DA:14,0,checksum_orig_8_123456
DA:16,0,checksum_orig_9_123456
DA:17,0,checksum_orig_10_123456
DA:19,0,checksum_orig_11_123456
LF:11
LH:5
end_of_record