TN:
SF:@PATH_TO_SOURCES@/src/advanced_coverage.c
FN:5,check_value
FN:12,find_max
FN:20,calculate_sum
FN:28,print_numbers
FNDA:1,find_max
FNDA:1,print_numbers
FNDA:4,check_value
FNDA:1,calculate_sum
FNF:4
FNH:4
DA:5,4
DA:6,4
DA:7,3
DA:8,2
DA:9,1
DA:12,1
DA:13,1
DA:14,1
DA:15,1
DA:16,1
DA:20,1
DA:21,1
DA:22,6
DA:23,5
DA:25,1
DA:28,1
DA:29,5
DA:30,4
DA:31,2
DA:33,2
DA:36,1
DA:37,1
LF:22
LH:22
end_of_record
TN:
SF:@PATH_TO_SOURCES@/src/core_functions.c
FN:4,simple_math
FN:8,safe_divide
FNDA:1,safe_divide
FNDA:1,simple_math
FNF:2
FNH:2
DA:4,1
DA:5,1
DA:8,1
DA:9,1
DA:10,1
LF:5
LH:5
end_of_record
