TN:
SF:@PATH_TO_SOURCES@/src/advanced_coverage.c
FN:5,check_value
FN:12,find_max
FN:20,calculate_sum
FN:28,print_numbers
FNDA:0,find_max
FNDA:1,calculate_sum
FNDA:0,print_numbers
FNDA:1,check_value
FNF:4
FNH:2
DA:5,1
DA:6,1
DA:7,1
DA:8,1
DA:9,0
DA:12,0
DA:13,0
DA:14,0
DA:15,0
DA:16,0
DA:20,1
DA:21,1
DA:22,4
DA:23,3
DA:25,1
DA:28,0
DA:29,0
DA:30,0
DA:31,0
DA:33,0
DA:36,0
DA:37,0
LF:22
LH:9
end_of_record
TN:
SF:@PATH_TO_SOURCES@/src/core_functions.c
FN:4,simple_math
FN:8,safe_divide
FNDA:0,safe_divide
FNDA:1,simple_math
FNF:2
FNH:1
DA:4,1
DA:5,1
DA:8,0
DA:9,0
DA:10,0
LF:5
LH:2
end_of_record
