SF:@PATH_TO_SOURCES@/src/backend/utils/u_more.c
DA:1,1
FN:1,u_more
FNDA:1,u_more
FNF:1
FNH:1
LH:1
LF:1
end_of_record
SF:@PATH_TO_SOURCES@/src/backend/utils/main_simple.c
DA:7,1
DA:4,1
DA:8,1
DA:10,1
DA:6,1
FN:4,main
FNDA:1,main
FNF:1
FNH:1
LH:5
LF:5
end_of_record
SF:@PATH_TO_SOURCES@/src/backend/br_b.c
DA:1,1
FN:1,br_b
FNDA:1,br_b
FNF:1
FNH:1
LH:1
LF:1
end_of_record
SF:@PATH_TO_SOURCES@/src/backend/br_m3.c
DA:1,1
FN:1,br_m3
FNDA:1,br_m3
FNF:1
FNH:1
LH:1
LF:1
end_of_record
SF:@PATH_TO_SOURCES@/src/backend/br_m2.c
DA:1,1
FN:1,br_m2
FNDA:1,br_m2
FNF:1
FNH:1
LH:1
LF:1
end_of_record
SF:@PATH_TO_SOURCES@/src/backend/utils/u_extra.c
DA:1,1
FN:1,u_extra
FNDA:1,u_extra
FNF:1
FNH:1
LH:1
LF:1
end_of_record
SF:@PATH_TO_SOURCES@/src/backend/br_a.c
DA:1,1
FN:1,br_a
FNDA:1,br_a
FNF:1
FNH:1
LH:1
LF:1
end_of_record
SF:@PATH_TO_SOURCES@/src/backend/br_solo.c
DA:1,1
FN:1,br_solo
FNDA:1,br_solo
FNF:1
FNH:1
LH:1
LF:1
end_of_record
SF:@PATH_TO_SOURCES@/src/backend/br_m1.c
DA:1,1
FN:1,br_m1
FNDA:1,br_m1
FNF:1
FNH:1
LH:1
LF:1
end_of_record
