SF:@PATH_TO_SOURCES@/src/core_functions.c
DA:10,1
DA:8,3
DA:4,5
DA:5,5
DA:9,3
FN:4,simple_math
FN:8,safe_divide
FNDA:5,simple_math
FNDA:3,safe_divide
FNF:2
FNH:2
LH:5
LF:5
end_of_record
SF:@PATH_TO_SOURCES@/src/advanced_coverage.c
DA:29,6
DA:36,3
DA:23,12
DA:13,5
DA:31,2
DA:5,9
DA:9,2
DA:21,5
DA:16,5
DA:33,1
DA:30,3
DA:7,8
DA:6,9
DA:28,3
DA:8,6
DA:12,5
DA:22,17
DA:14,5
DA:15,5
DA:20,5
DA:25,5
DA:37,3
FN:28,print_numbers
FN:20,calculate_sum
FN:5,check_value
FN:12,find_max
FNDA:5,find_max
FNDA:3,print_numbers
FNDA:9,check_value
FNDA:5,calculate_sum
FNF:4
FNH:4
LH:22
LF:22
end_of_record
