SF:@PATH_TO_SOURCES@/src/flat_many/x1.c
DA:1,1
FN:1,x1
FNDA:1,x1
FNF:1
FNH:1
LH:1
LF:1
end_of_record
SF:@PATH_TO_SOURCES@/src/flat_many/x3.c
DA:1,1
FN:1,x3
FNDA:1,x3
FNF:1
FNH:1
LH:1
LF:1
end_of_record
SF:@PATH_TO_SOURCES@/src/backend/utils/u_extra.c
DA:1,1
FN:1,u_extra
FNDA:1,u_extra
FNF:1
FNH:1
LH:1
LF:1
end_of_record
SF:@PATH_TO_SOURCES@/src/backend/utils/main_simple.c
DA:7,1
DA:4,1
DA:10,1
DA:8,1
DA:6,1
FN:4,main
FNDA:1,main
FNF:1
FNH:1
LH:5
LF:5
end_of_record
SF:@PATH_TO_SOURCES@/src/main.c
DA:46,1
DA:41,1
DA:14,1
DA:68,1
DA:77,1
DA:25,1
DA:37,1
DA:70,1
DA:30,1
DA:64,1
DA:6,1
DA:18,1
DA:32,1
DA:65,1
DA:49,1
DA:43,1
DA:8,1
DA:28,1
DA:4,1
DA:83,1
DA:63,1
DA:50,1
DA:21,1
DA:16,1
DA:44,1
DA:11,1
DA:48,1
DA:23,1
DA:29,1
DA:13,1
DA:19,1
DA:66,1
DA:57,1
DA:61,1
DA:56,1
DA:12,1
DA:78,1
DA:22,1
DA:51,1
DA:67,1
DA:20,1
DA:27,1
DA:35,1
DA:7,1
DA:82,1
DA:75,1
DA:74,1
DA:80,1
DA:34,1
DA:53,1
DA:59,1
DA:55,1
DA:9,1
DA:79,1
DA:73,1
DA:42,1
DA:39,1
DA:71,1
DA:36,1
DA:58,1
DA:76,1
FN:53,cover_calculate_score
FN:61,cover_analyze_number
FN:39,cover_simple_math
FN:4,cover_check_value
FN:46,cover_safe_divide
FN:16,cover_find_max
FN:25,cover_calculate_sum
FN:32,cover_print_numbers
FN:70,main
FNDA:1,cover_calculate_sum
FNDA:1,cover_find_max
FNDA:1,cover_safe_divide
FNDA:1,cover_check_value
FNDA:1,cover_simple_math
FNDA:1,main
FNDA:1,cover_print_numbers
FNDA:1,cover_calculate_score
FNDA:1,cover_analyze_number
FNF:9
FNH:9
LH:61
LF:61
end_of_record
SF:@PATH_TO_SOURCES@/src/flat_many/x2.c
DA:1,1
FN:1,x2
FNDA:1,x2
FNF:1
FNH:1
LH:1
LF:1
end_of_record
SF:@PATH_TO_SOURCES@/src/backend/utils/u_more.c
DA:1,1
FN:1,u_more
FNDA:1,u_more
FNF:1
FNH:1
LH:1
LF:1
end_of_record
