SF:@PATH_TO_SOURCES@/src/core_functions.c
DA:9,3
DA:5,5
DA:4,5
DA:8,3
DA:10,1
FN:8,safe_divide
FN:4,simple_math
FNDA:5,simple_math
FNDA:3,safe_divide
FNF:2
FNH:2
LH:5
LF:5
end_of_record
SF:@PATH_TO_SOURCES@/src/main.c
DA:73,1
DA:79,1
DA:42,1
DA:39,1
DA:55,1
DA:9,1
DA:58,1
DA:71,1
DA:36,1
DA:76,1
DA:20,1
DA:56,1
DA:12,1
DA:22,1
DA:51,1
DA:78,1
DA:67,1
DA:80,1
DA:74,1
DA:59,1
DA:34,1
DA:53,1
DA:27,1
DA:35,1
DA:82,1
DA:7,1
DA:75,1
DA:21,1
DA:16,1
DA:11,1
DA:44,1
DA:4,1
DA:83,1
DA:63,1
DA:50,1
DA:66,1
DA:57,1
DA:61,1
DA:48,1
DA:29,1
DA:23,1
DA:19,1
DA:13,1
DA:68,1
DA:77,1
DA:25,1
DA:37,1
DA:46,1
DA:14,1
DA:41,1
DA:18,1
DA:6,1
DA:65,1
DA:32,1
DA:43,1
DA:49,1
DA:8,1
DA:28,1
DA:70,1
DA:30,1
DA:64,1
FN:61,cover_analyze_number
FN:53,cover_calculate_score
FN:70,main
FN:32,cover_print_numbers
FN:25,cover_calculate_sum
FN:16,cover_find_max
FN:46,cover_safe_divide
FN:39,cover_simple_math
FN:4,cover_check_value
FNDA:1,cover_calculate_score
FNDA:1,cover_analyze_number
FNDA:1,cover_simple_math
FNDA:1,cover_check_value
FNDA:1,cover_find_max
FNDA:1,cover_calculate_sum
FNDA:1,cover_safe_divide
FNDA:1,cover_print_numbers
FNDA:1,main
FNF:9
FNH:9
LH:61
LF:61
end_of_record
