SF:@PATH_TO_SOURCES@/src/backend/utils/main_simple.c
DA:6,1
DA:4,1
DA:10,1
DA:7,1
DA:8,1
FN:4,main
FNDA:1,main
FNF:1
FNH:1
LH:5
LF:5
end_of_record
SF:@PATH_TO_SOURCES@/src/flat_many/x3.c
DA:1,1
FN:1,x3
FNDA:1,x3
FNF:1
FNH:1
LH:1
LF:1
end_of_record
SF:@PATH_TO_SOURCES@/src/advanced_coverage.c
DA:22,0
DA:14,0
DA:12,0
DA:5,0
DA:9,0
DA:25,0
DA:33,0
DA:37,0
DA:21,0
DA:20,0
DA:15,0
DA:16,0
DA:30,0
DA:13,0
DA:7,0
DA:31,0
DA:29,0
DA:23,0
DA:36,0
DA:8,0
DA:28,0
DA:6,0
FN:28,print_numbers
FN:5,check_value
FN:20,calculate_sum
FN:12,find_max
FNDA:0,print_numbers
FNDA:0,calculate_sum
FNDA:0,check_value
FNDA:0,find_max
FNF:4
FNH:0
LH:0
LF:22
end_of_record
SF:@PATH_TO_SOURCES@/src/backend/br_solo.c
DA:1,1
FN:1,br_solo
FNDA:1,br_solo
FNF:1
FNH:1
LH:1
LF:1
end_of_record
SF:@PATH_TO_SOURCES@/src/flat_two/b.c
DA:1,1
FN:1,fb
FNDA:1,fb
FNF:1
FNH:1
LH:1
LF:1
end_of_record
SF:@PATH_TO_SOURCES@/src/backend/br_a.c
DA:1,1
FN:1,br_a
FNDA:1,br_a
FNF:1
FNH:1
LH:1
LF:1
end_of_record
SF:@PATH_TO_SOURCES@/src/backend/utils/u_extra.c
DA:1,1
FN:1,u_extra
FNDA:1,u_extra
FNF:1
FNH:1
LH:1
LF:1
end_of_record
SF:@PATH_TO_SOURCES@/src/backend/br_m2.c
DA:1,1
FN:1,br_m2
FNDA:1,br_m2
FNF:1
FNH:1
LH:1
LF:1
end_of_record
SF:@PATH_TO_SOURCES@/src/backend/br_m3.c
DA:1,1
FN:1,br_m3
FNDA:1,br_m3
FNF:1
FNH:1
LH:1
LF:1
end_of_record
SF:@PATH_TO_SOURCES@/src/backend/br_b.c
DA:1,1
FN:1,br_b
FNDA:1,br_b
FNF:1
FNH:1
LH:1
LF:1
end_of_record
SF:@PATH_TO_SOURCES@/src/main_simple.c
DA:4,1
DA:6,1
DA:7,1
DA:10,1
DA:8,1
FN:4,main
FNDA:1,main
FNF:1
FNH:1
LH:5
LF:5
end_of_record
SF:@PATH_TO_SOURCES@/src/main.c
DA:74,0
DA:80,0
DA:53,0
DA:34,0
DA:59,0
DA:27,0
DA:35,0
DA:7,0
DA:82,0
DA:75,0
DA:20,0
DA:56,0
DA:12,0
DA:78,0
DA:22,0
DA:51,0
DA:67,0
DA:71,0
DA:36,0
DA:58,0
DA:76,0
DA:79,0
DA:73,0
DA:42,0
DA:39,0
DA:55,0
DA:9,0
DA:6,0
DA:18,0
DA:32,0
DA:65,0
DA:49,0
DA:43,0
DA:28,0
DA:8,0
DA:70,0
DA:30,0
DA:64,0
DA:68,0
DA:77,0
DA:25,0
DA:37,0
DA:46,0
DA:41,0
DA:14,0
DA:66,0
DA:57,0
DA:61,0
DA:48,0
DA:23,0
DA:29,0
DA:13,0
DA:19,0
DA:21,0
DA:16,0
DA:44,0
DA:11,0
DA:4,0
DA:83,0
DA:63,0
DA:50,0
FN:46,cover_safe_divide
FN:25,cover_calculate_sum
FN:16,cover_find_max
FN:39,cover_simple_math
FN:4,cover_check_value
FN:70,main
FN:32,cover_print_numbers
FN:53,cover_calculate_score
FN:61,cover_analyze_number
FNDA:0,cover_print_numbers
FNDA:0,main
FNDA:0,cover_simple_math
FNDA:0,cover_check_value
FNDA:0,cover_safe_divide
FNDA:0,cover_calculate_sum
FNDA:0,cover_find_max
FNDA:0,cover_analyze_number
FNDA:0,cover_calculate_score
FNF:9
FNH:0
LH:0
LF:61
end_of_record
SF:@PATH_TO_SOURCES@/src/flat_two/a.c
DA:1,1
FN:1,fa
FNDA:1,fa
FNF:1
FNH:1
LH:1
LF:1
end_of_record
SF:@PATH_TO_SOURCES@/src/flat_many/x2.c
DA:1,1
FN:1,x2
FNDA:1,x2
FNF:1
FNH:1
LH:1
LF:1
end_of_record
SF:@PATH_TO_SOURCES@/src/backend/utils/u_more.c
DA:1,1
FN:1,u_more
FNDA:1,u_more
FNF:1
FNH:1
LH:1
LF:1
end_of_record
SF:@PATH_TO_SOURCES@/src/backend/br_m1.c
DA:1,1
FN:1,br_m1
FNDA:1,br_m1
FNF:1
FNH:1
LH:1
LF:1
end_of_record
SF:@PATH_TO_SOURCES@/src/special_cases.c
DA:4,0
DA:5,0
DA:12,0
DA:19,0
DA:7,0
DA:13,0
DA:14,0
DA:17,0
DA:6,0
DA:16,0
DA:8,0
FN:12,analyze_number
FN:4,calculate_score
FNDA:0,analyze_number
FNDA:0,calculate_score
FNF:2
FNH:0
LH:0
LF:11
end_of_record
SF:@PATH_TO_SOURCES@/src/flat_many/x1.c
DA:1,1
FN:1,x1
FNDA:1,x1
FNF:1
FNH:1
LH:1
LF:1
end_of_record
SF:@PATH_TO_SOURCES@/src/flat_one/only.c
DA:1,1
FN:1,only_flat
FNDA:1,only_flat
FNF:1
FNH:1
LH:1
LF:1
end_of_record
SF:@PATH_TO_SOURCES@/src/core_functions.c
DA:4,0
DA:5,0
DA:9,0
DA:10,0
DA:8,0
FN:8,safe_divide
FN:4,simple_math
FNDA:0,simple_math
FNDA:0,safe_divide
FNF:2
FNH:0
LH:0
LF:5
end_of_record
