SF:@PATH_TO_SOURCES@/src/advanced_coverage.c
DA:37,3
DA:25,5
DA:33,1
DA:20,5
DA:16,5
DA:15,5
DA:21,5
DA:14,5
DA:22,17
DA:9,2
DA:5,9
DA:12,5
DA:28,3
DA:8,6
DA:6,9
DA:31,2
DA:13,5
DA:30,3
DA:7,8
DA:23,12
DA:36,3
DA:29,6
FN:5,check_value
FN:20,calculate_sum
FN:28,print_numbers
FN:12,find_max
FNDA:9,check_value
FNDA:5,calculate_sum
FNDA:3,print_numbers
FNDA:5,find_max
FNF:4
FNH:4
LH:22
LF:22
end_of_record
SF:@PATH_TO_SOURCES@/src/backend/br_solo.c
DA:1,1
FN:1,br_solo
FNDA:1,br_solo
FNF:1
FNH:1
LH:1
LF:1
end_of_record
SF:@PATH_TO_SOURCES@/src/backend/br_a.c
DA:1,1
FN:1,br_a
FNDA:1,br_a
FNF:1
FNH:1
LH:1
LF:1
end_of_record
SF:@PATH_TO_SOURCES@/src/flat_two/b.c
DA:1,1
FN:1,fb
FNDA:1,fb
FNF:1
FNH:1
LH:1
LF:1
end_of_record
SF:@PATH_TO_SOURCES@/src/backend/br_m2.c
DA:1,1
FN:1,br_m2
FNDA:1,br_m2
FNF:1
FNH:1
LH:1
LF:1
end_of_record
SF:@PATH_TO_SOURCES@/src/flat_two/a.c
DA:1,1
FN:1,fa
FNDA:1,fa
FNF:1
FNH:1
LH:1
LF:1
end_of_record
SF:@PATH_TO_SOURCES@/src/backend/br_m3.c
DA:1,1
FN:1,br_m3
FNDA:1,br_m3
FNF:1
FNH:1
LH:1
LF:1
end_of_record
SF:@PATH_TO_SOURCES@/src/backend/br_b.c
DA:1,1
FN:1,br_b
FNDA:1,br_b
FNF:1
FNH:1
LH:1
LF:1
end_of_record
SF:@PATH_TO_SOURCES@/src/main_simple.c
DA:8,1
DA:7,1
DA:10,1
DA:4,1
DA:6,1
FN:4,main
FNDA:1,main
FNF:1
FNH:1
LH:5
LF:5
end_of_record
SF:@PATH_TO_SOURCES@/src/core_functions.c
DA:10,1
DA:8,3
DA:4,5
DA:9,3
DA:5,5
FN:4,simple_math
FN:8,safe_divide
FNDA:5,simple_math
FNDA:3,safe_divide
FNF:2
FNH:2
LH:5
LF:5
end_of_record
SF:@PATH_TO_SOURCES@/src/backend/br_m1.c
DA:1,1
FN:1,br_m1
FNDA:1,br_m1
FNF:1
FNH:1
LH:1
LF:1
end_of_record
SF:@PATH_TO_SOURCES@/src/flat_one/only.c
DA:1,1
FN:1,only_flat
FNDA:1,only_flat
FNF:1
FNH:1
LH:1
LF:1
end_of_record
SF:@PATH_TO_SOURCES@/src/special_cases.c
DA:16,3
DA:6,4
DA:8,2
DA:5,4
DA:12,5
DA:4,4
DA:17,2
DA:14,2
DA:13,5
DA:7,3
DA:19,1
FN:4,calculate_score
FN:12,analyze_number
FNDA:4,calculate_score
FNDA:5,analyze_number
FNF:2
FNH:2
LH:11
LF:11
end_of_record
