SF:@PATH_TO_SOURCES@/src/backend/utils/main_simple.c
DA:4,1
DA:6,1
DA:8,1
DA:7,1
DA:10,1
FN:4,main
FNDA:1,main
FNF:1
FNH:1
LH:5
LF:5
end_of_record
SF:@PATH_TO_SOURCES@/src/advanced_coverage.c
DA:14,5
DA:22,17
DA:5,9
DA:12,5
DA:9,2
DA:37,3
DA:25,5
DA:33,1
DA:16,5
DA:20,5
DA:15,5
DA:21,5
DA:31,2
DA:13,5
DA:30,3
DA:7,8
DA:29,6
DA:36,3
DA:23,12
DA:8,6
DA:28,3
DA:6,9
FN:12,find_max
FN:28,print_numbers
FN:20,calculate_sum
FN:5,check_value
FNDA:9,check_value
FNDA:5,calculate_sum
FNDA:3,print_numbers
FNDA:5,find_max
FNF:4
FNH:4
LH:22
LF:22
end_of_record
SF:@PATH_TO_SOURCES@/src/backend/br_solo.c
DA:1,1
FN:1,br_solo
FNDA:1,br_solo
FNF:1
FNH:1
LH:1
LF:1
end_of_record
SF:@PATH_TO_SOURCES@/src/backend/br_a.c
DA:1,1
FN:1,br_a
FNDA:1,br_a
FNF:1
FNH:1
LH:1
LF:1
end_of_record
SF:@PATH_TO_SOURCES@/src/backend/br_m2.c
DA:1,1
FN:1,br_m2
FNDA:1,br_m2
FNF:1
FNH:1
LH:1
LF:1
end_of_record
SF:@PATH_TO_SOURCES@/src/backend/utils/u_extra.c
DA:1,1
FN:1,u_extra
FNDA:1,u_extra
FNF:1
FNH:1
LH:1
LF:1
end_of_record
SF:@PATH_TO_SOURCES@/src/flat_many/x3.c
DA:1,1
FN:1,x3
FNDA:1,x3
FNF:1
FNH:1
LH:1
LF:1
end_of_record
SF:@PATH_TO_SOURCES@/src/main.c
DA:61,1
DA:57,1
DA:66,1
DA:13,1
DA:19,1
DA:23,1
DA:29,1
DA:48,1
DA:44,1
DA:11,1
DA:16,1
DA:21,1
DA:50,1
DA:63,1
DA:83,1
DA:4,1
DA:28,1
DA:8,1
DA:49,1
DA:43,1
DA:32,1
DA:65,1
DA:18,1
DA:6,1
DA:64,1
DA:30,1
DA:70,1
DA:37,1
DA:25,1
DA:77,1
DA:68,1
DA:41,1
DA:14,1
DA:46,1
DA:76,1
DA:71,1
DA:36,1
DA:58,1
DA:39,1
DA:42,1
DA:79,1
DA:73,1
DA:9,1
DA:55,1
DA:53,1
DA:34,1
DA:59,1
DA:74,1
DA:80,1
DA:75,1
DA:7,1
DA:82,1
DA:35,1
DA:27,1
DA:20,1
DA:67,1
DA:78,1
DA:51,1
DA:22,1
DA:12,1
DA:56,1
FN:32,cover_print_numbers
FN:70,main
FN:4,cover_check_value
FN:39,cover_simple_math
FN:25,cover_calculate_sum
FN:46,cover_safe_divide
FN:16,cover_find_max
FN:61,cover_analyze_number
FN:53,cover_calculate_score
FNDA:1,cover_analyze_number
FNDA:1,cover_calculate_score
FNDA:1,main
FNDA:1,cover_print_numbers
FNDA:1,cover_calculate_sum
FNDA:1,cover_safe_divide
FNDA:1,cover_find_max
FNDA:1,cover_simple_math
FNDA:1,cover_check_value
FNF:9
FNH:9
LH:61
LF:61
end_of_record
SF:@PATH_TO_SOURCES@/src/flat_many/x2.c
DA:1,1
FN:1,x2
FNDA:1,x2
FNF:1
FNH:1
LH:1
LF:1
end_of_record
SF:@PATH_TO_SOURCES@/src/backend/utils/u_more.c
DA:1,1
FN:1,u_more
FNDA:1,u_more
FNF:1
FNH:1
LH:1
LF:1
end_of_record
SF:@PATH_TO_SOURCES@/src/backend/br_m3.c
DA:1,1
FN:1,br_m3
FNDA:1,br_m3
FNF:1
FNH:1
LH:1
LF:1
end_of_record
SF:@PATH_TO_SOURCES@/src/backend/br_b.c
DA:1,1
FN:1,br_b
FNDA:1,br_b
FNF:1
FNH:1
LH:1
LF:1
end_of_record
SF:@PATH_TO_SOURCES@/src/main_simple.c
DA:4,1
DA:6,1
DA:7,1
DA:10,1
DA:8,1
FN:4,main
FNDA:1,main
FNF:1
FNH:1
LH:5
LF:5
end_of_record
SF:@PATH_TO_SOURCES@/src/core_functions.c
DA:10,1
DA:8,3
DA:4,5
DA:5,5
DA:9,3
FN:8,safe_divide
FN:4,simple_math
FNDA:5,simple_math
FNDA:3,safe_divide
FNF:2
FNH:2
LH:5
LF:5
end_of_record
SF:@PATH_TO_SOURCES@/src/backend/br_m1.c
DA:1,1
FN:1,br_m1
FNDA:1,br_m1
FNF:1
FNH:1
LH:1
LF:1
end_of_record
SF:@PATH_TO_SOURCES@/src/flat_one/only.c
DA:1,1
FN:1,only_flat
FNDA:1,only_flat
FNF:1
FNH:1
LH:1
LF:1
end_of_record
SF:@PATH_TO_SOURCES@/src/flat_many/x1.c
DA:1,1
FN:1,x1
FNDA:1,x1
FNF:1
FNH:1
LH:1
LF:1
end_of_record
SF:@PATH_TO_SOURCES@/src/special_cases.c
DA:13,5
DA:7,3
DA:19,1
DA:17,2
DA:14,2
DA:4,4
DA:5,4
DA:12,5
DA:8,2
DA:6,4
DA:16,3
FN:12,analyze_number
FN:4,calculate_score
FNDA:4,calculate_score
FNDA:5,analyze_number
FNF:2
FNH:2
LH:11
LF:11
end_of_record
